error: unable to forward port because pod is not running. Current status=Pending
error: unable to forward port because pod is not running. Current status=Pending
Forwarding from 127.0.0.1:5681 -> 5681
Forwarding from [::1]:5681 -> 5681
Handling connection for 5681
Forwarding from 127.0.0.1:5681 -> 5681
Forwarding from [::1]:5681 -> 5681
Handling connection for 5681
error: lost connection to pod
Forwarding from 127.0.0.1:5681 -> 5681
Forwarding from [::1]:5681 -> 5681
Handling connection for 5681
error: lost connection to pod
Forwarding from 127.0.0.1:5681 -> 5681
Forwarding from [::1]:5681 -> 5681
Handling connection for 5681
Handling connection for 5681
Forwarding from 127.0.0.1:5681 -> 5681
Forwarding from [::1]:5681 -> 5681
Handling connection for 5681
Handling connection for 5681
Handling connection for 5681
Handling connection for 5681
error: lost connection to pod
Forwarding from 127.0.0.1:5681 -> 5681
Forwarding from [::1]:5681 -> 5681
Handling connection for 5681
Handling connection for 5681
Forwarding from 127.0.0.1:5681 -> 5681
Forwarding from [::1]:5681 -> 5681
Handling connection for 5681
Handling connection for 5681
Forwarding from 127.0.0.1:5681 -> 5681
Forwarding from [::1]:5681 -> 5681
Handling connection for 5681
Handling connection for 5681
Forwarding from 127.0.0.1:5681 -> 5681
Forwarding from [::1]:5681 -> 5681
Handling connection for 5681
Handling connection for 5681
Forwarding from 127.0.0.1:5681 -> 5681
Forwarding from [::1]:5681 -> 5681
Handling connection for 5681
Handling connection for 5681
error: lost connection to pod
Forwarding from 127.0.0.1:5681 -> 5681
Forwarding from [::1]:5681 -> 5681
Handling connection for 5681
Handling connection for 5681
error: lost connection to pod
Forwarding from 127.0.0.1:5681 -> 5681
Forwarding from [::1]:5681 -> 5681
Handling connection for 5681
Handling connection for 5681
error: lost connection to pod
Forwarding from 127.0.0.1:5681 -> 5681
Forwarding from [::1]:5681 -> 5681
Handling connection for 5681
Handling connection for 5681
error: lost connection to pod
Forwarding from 127.0.0.1:5681 -> 5681
Forwarding from [::1]:5681 -> 5681
Handling connection for 5681
Handling connection for 5681
Handling connection for 5681
Handling connection for 5681
Handling connection for 5681
Handling connection for 5681
Handling connection for 5681
Handling connection for 5681
error: lost connection to pod
Forwarding from 127.0.0.1:5681 -> 5681
Forwarding from [::1]:5681 -> 5681
Handling connection for 5681
Handling connection for 5681
error: lost connection to pod
Forwarding from 127.0.0.1:5681 -> 5681
Forwarding from [::1]:5681 -> 5681
Handling connection for 5681
Handling connection for 5681
Handling connection for 5681
Handling connection for 5681
Handling connection for 5681
Handling connection for 5681
Handling connection for 5681
Handling connection for 5681
Handling connection for 5681
Handling connection for 5681
Handling connection for 5681
Handling connection for 5681
Handling connection for 5681
Handling connection for 5681
Handling connection for 5681
Handling connection for 5681
Handling connection for 5681
Handling connection for 5681
Handling connection for 5681
Handling connection for 5681
error: lost connection to pod
Forwarding from 127.0.0.1:5681 -> 5681
Forwarding from [::1]:5681 -> 5681
Handling connection for 5681
Handling connection for 5681
Handling connection for 5681
Handling connection for 5681
Handling connection for 5681
error: lost connection to pod
Forwarding from 127.0.0.1:5681 -> 5681
Forwarding from [::1]:5681 -> 5681
Handling connection for 5681
Handling connection for 5681
Handling connection for 5681
error: lost connection to pod
Forwarding from 127.0.0.1:5681 -> 5681
Forwarding from [::1]:5681 -> 5681
Handling connection for 5681
Handling connection for 5681
Handling connection for 5681
Handling connection for 5681
Handling connection for 5681
Handling connection for 5681
Handling connection for 5681
Handling connection for 5681
Handling connection for 5681
Handling connection for 5681
Handling connection for 5681
Handling connection for 5681
Handling connection for 5681
Handling connection for 5681
Handling connection for 5681
Handling connection for 5681
Handling connection for 5681
Handling connection for 5681
Handling connection for 5681
error: lost connection to pod
Forwarding from 127.0.0.1:5681 -> 5681
Forwarding from [::1]:5681 -> 5681
Handling connection for 5681
error: lost connection to pod
Forwarding from 127.0.0.1:5681 -> 5681
Forwarding from [::1]:5681 -> 5681
Handling connection for 5681
Handling connection for 5681
Handling connection for 5681
Handling connection for 5681
Handling connection for 5681
Handling connection for 5681
Handling connection for 5681
Handling connection for 5681
Handling connection for 5681
Handling connection for 5681
Handling connection for 5681
Handling connection for 5681
Handling connection for 5681
Handling connection for 5681
Handling connection for 5681
Handling connection for 5681
Handling connection for 5681
Handling connection for 5681
Handling connection for 5681
Handling connection for 5681
Handling connection for 5681
Handling connection for 5681
Handling connection for 5681
error: lost connection to pod
Forwarding from 127.0.0.1:5681 -> 5681
Forwarding from [::1]:5681 -> 5681
Handling connection for 5681
Forwarding from 127.0.0.1:5681 -> 5681
Forwarding from [::1]:5681 -> 5681
Handling connection for 5681
Forwarding from 127.0.0.1:5681 -> 5681
Forwarding from [::1]:5681 -> 5681
Handling connection for 5681
Forwarding from 127.0.0.1:5681 -> 5681
Forwarding from [::1]:5681 -> 5681
Handling connection for 5681
Forwarding from 127.0.0.1:5681 -> 5681
Forwarding from [::1]:5681 -> 5681
Handling connection for 5681
Forwarding from 127.0.0.1:5681 -> 5681
Forwarding from [::1]:5681 -> 5681
Handling connection for 5681
error: lost connection to pod
Forwarding from 127.0.0.1:5681 -> 5681
Forwarding from [::1]:5681 -> 5681
Handling connection for 5681
Forwarding from 127.0.0.1:9090 -> 9090
Forwarding from [::1]:9090 -> 9090
Forwarding from 127.0.0.1:3000 -> 3000
Forwarding from [::1]:3000 -> 3000
Handling connection for 9090
Handling connection for 3000
Handling connection for 9090
Handling connection for 9090
Handling connection for 9090
Handling connection for 9090
Handling connection for 9090
Handling connection for 9090
Handling connection for 9090
Handling connection for 9090
Handling connection for 9090
Handling connection for 9090
Handling connection for 9090
Handling connection for 9090
Handling connection for 9090
Handling connection for 3000
Handling connection for 3000
Handling connection for 3000
Handling connection for 3000
Handling connection for 3000
Handling connection for 3000
Handling connection for 3000
Handling connection for 3000
Handling connection for 3000
Handling connection for 3000
Handling connection for 3000
Handling connection for 3000
Handling connection for 3000
Handling connection for 3000
Handling connection for 3000
Handling connection for 3000
Handling connection for 3000
Handling connection for 3000
Handling connection for 3000
Handling connection for 3000
Handling connection for 3000
Handling connection for 3000
Handling connection for 3000
Handling connection for 3000
Handling connection for 3000
Handling connection for 3000
Handling connection for 3000
Handling connection for 3000
Handling connection for 3000
Handling connection for 3000
Handling connection for 3000
Handling connection for 3000
Handling connection for 3000
Handling connection for 3000
Handling connection for 3000
Handling connection for 3000
Handling connection for 3000
Handling connection for 3000
Handling connection for 3000
Handling connection for 3000
Handling connection for 3000
Handling connection for 3000
Handling connection for 3000
Handling connection for 3000
Handling connection for 3000
Handling connection for 3000
Handling connection for 3000
Handling connection for 3000
Handling connection for 5681
Handling connection for 5681
Handling connection for 9090
Handling connection for 9090
Handling connection for 9090
Handling connection for 9090
Handling connection for 9090
Handling connection for 9090
Handling connection for 3000
Handling connection for 3000
Handling connection for 3000
Handling connection for 3000
Handling connection for 3000
Handling connection for 3000
Handling connection for 3000
Handling connection for 3000
Handling connection for 3000
Handling connection for 3000
Handling connection for 3000
Handling connection for 3000
Handling connection for 3000
Handling connection for 3000
Handling connection for 3000
Handling connection for 3000
Handling connection for 3000
Handling connection for 3000
Handling connection for 3000
Handling connection for 3000
Handling connection for 3000
Handling connection for 3000
Handling connection for 3000
Handling connection for 3000
Handling connection for 9090
Handling connection for 9090
Handling connection for 9090
Handling connection for 9090
Handling connection for 9090
Handling connection for 9090
Handling connection for 9090
Handling connection for 9090
Handling connection for 9090
Handling connection for 9090
Handling connection for 9090
Handling connection for 9090
Handling connection for 9090
Handling connection for 9090
Handling connection for 9090
Handling connection for 9090
Handling connection for 9090
Handling connection for 9090
Handling connection for 9090
Handling connection for 3000
Handling connection for 3000
Handling connection for 3000
Handling connection for 3000
Handling connection for 3000
Handling connection for 3000
Handling connection for 3000
Handling connection for 3000
Handling connection for 3000
Handling connection for 3000
Handling connection for 3000
Handling connection for 9090
Handling connection for 9090
Handling connection for 9090
Handling connection for 3000
Handling connection for 3000
Handling connection for 3000
Handling connection for 3000
Handling connection for 9090
Handling connection for 9090
Handling connection for 9090
Handling connection for 9090
Handling connection for 9090
Handling connection for 9090
Handling connection for 9090
Handling connection for 9090
Handling connection for 3000
Handling connection for 3000
Handling connection for 9090
Handling connection for 9090
Handling connection for 9090
Handling connection for 9090
Handling connection for 9090
Handling connection for 9090
Handling connection for 9090
Handling connection for 9090
Handling connection for 9090
Handling connection for 9090
Handling connection for 9090
Handling connection for 9090
Handling connection for 9090
Handling connection for 9090
Handling connection for 9090
Handling connection for 9090
Handling connection for 9090
Handling connection for 9090
Handling connection for 9090
Handling connection for 3000
Handling connection for 3000
Handling connection for 3000
Handling connection for 3000
Handling connection for 3000
Handling connection for 9090
Handling connection for 9090
Handling connection for 9090
Handling connection for 9090
Handling connection for 9090
Handling connection for 3000
Handling connection for 3000
Handling connection for 3000
Handling connection for 3000
Handling connection for 3000
Handling connection for 3000
Handling connection for 3000
Handling connection for 3000
Handling connection for 3000
Handling connection for 3000
error: lost connection to pod
error: lost connection to pod
error: lost connection to pod
Forwarding from 127.0.0.1:5681 -> 5681
Forwarding from [::1]:5681 -> 5681
Handling connection for 5681
error: lost connection to pod
Forwarding from 127.0.0.1:5681 -> 5681
Forwarding from [::1]:5681 -> 5681
Handling connection for 5681
Forwarding from 127.0.0.1:9090 -> 9090
Forwarding from [::1]:9090 -> 9090
Forwarding from 127.0.0.1:3000 -> 3000
Forwarding from [::1]:3000 -> 3000
Handling connection for 9090
Handling connection for 3000
Handling connection for 5681
Handling connection for 5681
Handling connection for 3000
Handling connection for 3000
Handling connection for 3000
Handling connection for 3000
Handling connection for 3000
Handling connection for 3000
Handling connection for 3000
error: lost connection to pod
error: lost connection to pod
error: lost connection to pod
Forwarding from 127.0.0.1:5681 -> 5681
Forwarding from [::1]:5681 -> 5681
Handling connection for 5681
Forwarding from 127.0.0.1:9090 -> 9090
Forwarding from [::1]:9090 -> 9090
Forwarding from 127.0.0.1:3000 -> 3000
Forwarding from [::1]:3000 -> 3000
Handling connection for 3000
Handling connection for 3000
error: lost connection to pod
error: lost connection to pod
error: lost connection to pod
Forwarding from 127.0.0.1:5681 -> 5681
Forwarding from [::1]:5681 -> 5681
Handling connection for 5681
Forwarding from 127.0.0.1:3000 -> 3000
Forwarding from [::1]:3000 -> 3000
Forwarding from 127.0.0.1:9090 -> 9090
Forwarding from [::1]:9090 -> 9090
Forwarding from 127.0.0.1:5681 -> 5681
Forwarding from [::1]:5681 -> 5681
Handling connection for 5681
Forwarding from 127.0.0.1:9090 -> 9090
Forwarding from [::1]:9090 -> 9090
Forwarding from 127.0.0.1:3000 -> 3000
Forwarding from [::1]:3000 -> 3000
Handling connection for 3000
Handling connection for 3000
Handling connection for 3000
Handling connection for 3000
Handling connection for 3000
error: lost connection to pod
error: lost connection to pod
error: lost connection to pod
Forwarding from 127.0.0.1:5681 -> 5681
Forwarding from [::1]:5681 -> 5681
Handling connection for 5681
Forwarding from 127.0.0.1:9090 -> 9090
Forwarding from [::1]:9090 -> 9090
Forwarding from 127.0.0.1:3000 -> 3000
Forwarding from [::1]:3000 -> 3000
error: lost connection to pod
error: lost connection to pod
error: lost connection to pod
Forwarding from 127.0.0.1:5681 -> 5681
Forwarding from [::1]:5681 -> 5681
Handling connection for 5681
Forwarding from 127.0.0.1:9090 -> 9090
Forwarding from [::1]:9090 -> 9090
Forwarding from 127.0.0.1:3000 -> 3000
Forwarding from [::1]:3000 -> 3000
error: lost connection to pod
error: lost connection to pod
error: lost connection to pod
Forwarding from 127.0.0.1:5681 -> 5681
Forwarding from [::1]:5681 -> 5681
Handling connection for 5681
Forwarding from 127.0.0.1:9090 -> 9090
Forwarding from [::1]:9090 -> 9090
Forwarding from 127.0.0.1:3000 -> 3000
Forwarding from [::1]:3000 -> 3000
Handling connection for 9090
Handling connection for 3000
E0215 13:57:11.663996    9278 portforward.go:424] "Unhandled Error" err="an error occurred forwarding 3000 -> 3000: error forwarding port 3000 to pod 14b2e7d5372935c71ebf98dda40a2a020f5128855d0897e3ccb6a0cf1c587cbe, uid : network namespace for sandbox \"14b2e7d5372935c71ebf98dda40a2a020f5128855d0897e3ccb6a0cf1c587cbe\" is closed"
error: lost connection to pod
Forwarding from 127.0.0.1:5681 -> 5681
Forwarding from [::1]:5681 -> 5681
Handling connection for 5681
Forwarding from 127.0.0.1:5681 -> 5681
Forwarding from [::1]:5681 -> 5681
Handling connection for 5681
Forwarding from 127.0.0.1:5681 -> 5681
Forwarding from [::1]:5681 -> 5681
Handling connection for 5681
Forwarding from 127.0.0.1:5681 -> 5681
Forwarding from [::1]:5681 -> 5681
Handling connection for 5681
Forwarding from 127.0.0.1:5681 -> 5681
Forwarding from [::1]:5681 -> 5681
Handling connection for 5681
Forwarding from 127.0.0.1:9090 -> 9090
Forwarding from [::1]:9090 -> 9090
Forwarding from 127.0.0.1:3000 -> 3000
Forwarding from [::1]:3000 -> 3000
Handling connection for 9090
Handling connection for 3000
E0215 16:41:21.290841   45623 portforward.go:424] "Unhandled Error" err="an error occurred forwarding 3000 -> 3000: error forwarding port 3000 to pod 4ae0b7cb1272f59155623ee0990f6831b8d57c7b914531b74bbdd056877ce344, uid : network namespace for sandbox \"4ae0b7cb1272f59155623ee0990f6831b8d57c7b914531b74bbdd056877ce344\" is closed"
error: lost connection to pod
Forwarding from 127.0.0.1:5681 -> 5681
Forwarding from [::1]:5681 -> 5681
Handling connection for 5681
Forwarding from 127.0.0.1:9090 -> 9090
Forwarding from [::1]:9090 -> 9090
Forwarding from 127.0.0.1:3000 -> 3000
Forwarding from [::1]:3000 -> 3000
Handling connection for 9090
Handling connection for 3000
E0215 17:00:18.182446   59187 portforward.go:424] "Unhandled Error" err="an error occurred forwarding 3000 -> 3000: error forwarding port 3000 to pod 53b22d5db557d1d4dbd90487f90162a5db7d86dc78ca9548819189d6b920f305, uid : network namespace for sandbox \"53b22d5db557d1d4dbd90487f90162a5db7d86dc78ca9548819189d6b920f305\" is closed"
error: lost connection to pod
error: lost connection to pod
error: lost connection to pod
Forwarding from 127.0.0.1:5681 -> 5681
Forwarding from [::1]:5681 -> 5681
Handling connection for 5681
Forwarding from 127.0.0.1:3000 -> 3000
Forwarding from [::1]:3000 -> 3000
Forwarding from 127.0.0.1:9090 -> 9090
Forwarding from [::1]:9090 -> 9090
Handling connection for 9090
Handling connection for 3000
error: lost connection to pod
error: lost connection to pod
error: lost connection to pod
Forwarding from 127.0.0.1:5681 -> 5681
Forwarding from [::1]:5681 -> 5681
Handling connection for 5681
Forwarding from 127.0.0.1:5681 -> 5681
Forwarding from [::1]:5681 -> 5681
Handling connection for 5681
Forwarding from 127.0.0.1:5681 -> 5681
Forwarding from [::1]:5681 -> 5681
Handling connection for 5681
Forwarding from 127.0.0.1:9090 -> 9090
Forwarding from [::1]:9090 -> 9090
Forwarding from 127.0.0.1:3000 -> 3000
Forwarding from [::1]:3000 -> 3000
Handling connection for 9090
Handling connection for 3000
Handling connection for 3000
Handling connection for 3000
Handling connection for 3000
Handling connection for 3000
Handling connection for 3000
Handling connection for 3000
Handling connection for 3000
Handling connection for 3000
Handling connection for 3000
Handling connection for 3000
E0215 19:17:42.800431    7404 portforward.go:357] "Unhandled Error" err="error creating error stream for port 3000 -> 3000: Timeout occurred"
Handling connection for 3000
E0215 19:18:24.327159    7404 portforward.go:357] "Unhandled Error" err="error creating error stream for port 3000 -> 3000: Timeout occurred"
Handling connection for 3000
error: lost connection to pod
error: lost connection to pod
error: lost connection to pod
Forwarding from 127.0.0.1:5681 -> 5681
Forwarding from [::1]:5681 -> 5681
Handling connection for 5681
Forwarding from 127.0.0.1:3000 -> 3000
Forwarding from [::1]:3000 -> 3000
Forwarding from 127.0.0.1:9090 -> 9090
Forwarding from [::1]:9090 -> 9090
Handling connection for 9090
Handling connection for 3000
Handling connection for 3000
Handling connection for 3000
Handling connection for 3000
Handling connection for 3000
Handling connection for 3000
Handling connection for 3000
Handling connection for 3000
Handling connection for 3000
Handling connection for 3000
Handling connection for 3000
Handling connection for 3000
Handling connection for 3000
Handling connection for 3000
Handling connection for 3000
Handling connection for 3000
Handling connection for 3000
Handling connection for 3000
Handling connection for 3000
Handling connection for 3000
Handling connection for 3000
Handling connection for 3000
Handling connection for 3000
Handling connection for 3000
Handling connection for 3000
Handling connection for 3000
Handling connection for 3000
Handling connection for 3000
Handling connection for 3000
Handling connection for 3000
Handling connection for 3000
Handling connection for 3000
Handling connection for 3000
Handling connection for 3000
Handling connection for 3000
Handling connection for 3000
Handling connection for 3000
Handling connection for 3000
Handling connection for 3000
Handling connection for 3000
Handling connection for 3000
E0215 19:26:19.511641   11855 portforward.go:357] "Unhandled Error" err="error creating error stream for port 3000 -> 3000: Timeout occurred"
Handling connection for 3000
error: lost connection to pod
error: lost connection to pod
error: lost connection to pod
Forwarding from 127.0.0.1:5681 -> 5681
Forwarding from [::1]:5681 -> 5681
Handling connection for 5681
Forwarding from 127.0.0.1:5681 -> 5681
Forwarding from [::1]:5681 -> 5681
Handling connection for 5681
Forwarding from 127.0.0.1:5681 -> 5681
Forwarding from [::1]:5681 -> 5681
Handling connection for 5681
Forwarding from 127.0.0.1:5681 -> 5681
Forwarding from [::1]:5681 -> 5681
Handling connection for 5681
Forwarding from 127.0.0.1:5681 -> 5681
Forwarding from [::1]:5681 -> 5681
Handling connection for 5681
Forwarding from 127.0.0.1:5681 -> 5681
Forwarding from [::1]:5681 -> 5681
Handling connection for 5681
Forwarding from 127.0.0.1:5681 -> 5681
Forwarding from [::1]:5681 -> 5681
Handling connection for 5681
Forwarding from 127.0.0.1:5681 -> 5681
Forwarding from [::1]:5681 -> 5681
Handling connection for 5681
Forwarding from 127.0.0.1:9090 -> 9090
Forwarding from [::1]:9090 -> 9090
Forwarding from 127.0.0.1:3000 -> 3000
Forwarding from [::1]:3000 -> 3000
Handling connection for 9090
Handling connection for 3000
Handling connection for 3000
Handling connection for 3000
Handling connection for 3000
Handling connection for 3000
Handling connection for 3000
Handling connection for 3000
Handling connection for 3000
Handling connection for 3000
Handling connection for 3000
Handling connection for 3000
Handling connection for 3000
Handling connection for 3000
Handling connection for 3000
Handling connection for 3000
Handling connection for 3000
Handling connection for 3000
Handling connection for 3000
Handling connection for 3000
Handling connection for 3000
Handling connection for 3000
Handling connection for 3000
Handling connection for 3000
Handling connection for 3000
Handling connection for 3000
error: lost connection to pod
error: lost connection to pod
error: lost connection to pod
Forwarding from 127.0.0.1:5681 -> 5681
Forwarding from [::1]:5681 -> 5681
Handling connection for 5681
Forwarding from 127.0.0.1:3000 -> 3000
Forwarding from [::1]:3000 -> 3000
Forwarding from 127.0.0.1:9090 -> 9090
Forwarding from [::1]:9090 -> 9090
Handling connection for 9090
Handling connection for 3000
Handling connection for 3000
Handling connection for 3000
Handling connection for 3000
Handling connection for 3000
Handling connection for 3000
Handling connection for 3000
Handling connection for 3000
Handling connection for 3000
Handling connection for 3000
Handling connection for 3000
Handling connection for 3000
Handling connection for 3000
Handling connection for 3000
Handling connection for 3000
Handling connection for 3000
Handling connection for 3000
Handling connection for 3000
Handling connection for 3000
Handling connection for 3000
Handling connection for 3000
Handling connection for 3000
Handling connection for 3000
Handling connection for 3000
Handling connection for 3000
E0216 13:57:08.611073  372809 portforward.go:424] "Unhandled Error" err="an error occurred forwarding 3000 -> 3000: error forwarding port 3000 to pod a192d4cbc0330a145d9a771b1f2c1cfef84287ae9e9ab9c07d2bf0338169fb76, uid : failed to execute portforward in network namespace \"/var/run/netns/cni-56947b45-ae46-1d62-4d92-c6e3898e03b0\": failed to connect to localhost:3000 inside namespace \"a192d4cbc0330a145d9a771b1f2c1cfef84287ae9e9ab9c07d2bf0338169fb76\", IPv4: dial tcp4 127.0.0.1:3000: connect: connection refused IPv6 dial tcp6 [::1]:3000: connect: connection refused "
error: lost connection to pod
Forwarding from 127.0.0.1:3000 -> 3000
Forwarding from [::1]:3000 -> 3000
Handling connection for 3000
Handling connection for 3000
Handling connection for 3000
Handling connection for 3000
Handling connection for 3000
Handling connection for 3000
Handling connection for 3000
Handling connection for 3000
Handling connection for 3000
Handling connection for 3000
Handling connection for 3000
E0216 14:04:34.862604  374316 portforward.go:424] "Unhandled Error" err="an error occurred forwarding 3000 -> 3000: error forwarding port 3000 to pod 853dd61f48e509ec266b0bfcf9fa4beca5d18525800961b18e5889a7860c6f38, uid : failed to execute portforward in network namespace \"/var/run/netns/cni-e3505eea-713c-562e-5297-e20f9aafa0a9\": failed to connect to localhost:3000 inside namespace \"853dd61f48e509ec266b0bfcf9fa4beca5d18525800961b18e5889a7860c6f38\", IPv4: dial tcp4 127.0.0.1:3000: connect: connection refused IPv6 dial tcp6 [::1]:3000: connect: connection refused "
error: lost connection to pod
Forwarding from 127.0.0.1:3000 -> 3000
Forwarding from [::1]:3000 -> 3000
Handling connection for 3000
Handling connection for 3000
Handling connection for 3000
Handling connection for 3000
Handling connection for 3000
Handling connection for 3000
Handling connection for 3000
Handling connection for 3000
Unable to listen on port 3000: Listeners failed to create with the following errors: [unable to create listener: Error listen tcp4 127.0.0.1:3000: bind: address already in use unable to create listener: Error listen tcp6 [::1]:3000: bind: address already in use]
error: unable to listen on any of the requested ports: [{3000 3000}]
Handling connection for 3000
E0216 14:06:22.885537  376473 portforward.go:424] "Unhandled Error" err="an error occurred forwarding 3000 -> 3000: error forwarding port 3000 to pod ba7d1b916207f8aea69ab0797ee25e8861534e3263f5d0cccacba9155f349265, uid : network namespace for sandbox \"ba7d1b916207f8aea69ab0797ee25e8861534e3263f5d0cccacba9155f349265\" is closed"
error: lost connection to pod
Forwarding from 127.0.0.1:3000 -> 3000
Forwarding from [::1]:3000 -> 3000
Handling connection for 3000
Handling connection for 3000
Handling connection for 3000
Handling connection for 3000
Handling connection for 3000
Handling connection for 3000
Forwarding from 127.0.0.1:3000 -> 3000
Forwarding from [::1]:3000 -> 3000
Handling connection for 3000
Handling connection for 3000
Handling connection for 3000
Handling connection for 3000
Handling connection for 3000
Handling connection for 3000
Handling connection for 3000
Handling connection for 3000
Handling connection for 3000
Handling connection for 3000
Handling connection for 3000
E0216 15:36:29.885794  390152 portforward.go:424] "Unhandled Error" err="an error occurred forwarding 3000 -> 3000: error forwarding port 3000 to pod e272dd62b6dc9fca717c6b37b83665652a978a8b38848e227e62cd6b9440b620, uid : failed to execute portforward in network namespace \"/var/run/netns/cni-e16fb1eb-5855-ccda-9e90-3b2ec401431a\": failed to connect to localhost:3000 inside namespace \"e272dd62b6dc9fca717c6b37b83665652a978a8b38848e227e62cd6b9440b620\", IPv4: dial tcp4 127.0.0.1:3000: connect: connection refused IPv6 dial tcp6 [::1]:3000: connect: connection refused "
error: lost connection to pod
Forwarding from 127.0.0.1:5681 -> 5681
Forwarding from [::1]:5681 -> 5681
Handling connection for 5681
error: lost connection to pod
Forwarding from 127.0.0.1:5681 -> 5681
Forwarding from [::1]:5681 -> 5681
Handling connection for 5681
Forwarding from 127.0.0.1:5681 -> 5681
Forwarding from [::1]:5681 -> 5681
Handling connection for 5681
Forwarding from 127.0.0.1:9090 -> 9090
Forwarding from [::1]:9090 -> 9090
Forwarding from 127.0.0.1:3000 -> 3000
Forwarding from [::1]:3000 -> 3000
Handling connection for 9090
Handling connection for 3000
Handling connection for 3000
Handling connection for 3000
Handling connection for 3000
Handling connection for 3000
Handling connection for 3000
Handling connection for 3000
Handling connection for 3000
Handling connection for 3000
Handling connection for 3000
Handling connection for 3000
Handling connection for 3000
Handling connection for 3000
Handling connection for 3000
Handling connection for 3000
Handling connection for 3000
Handling connection for 3000
Handling connection for 3000
Handling connection for 3000
Handling connection for 3000
Handling connection for 3000
Handling connection for 3000
Handling connection for 3000
Handling connection for 3000
Handling connection for 3000
Handling connection for 3000
Handling connection for 3000
Handling connection for 3000
Handling connection for 3000
Handling connection for 3000
Handling connection for 3000
Handling connection for 3000
Handling connection for 3000
Handling connection for 3000
Handling connection for 3000
Handling connection for 3000
Handling connection for 3000
Handling connection for 3000
Handling connection for 3000
Handling connection for 3000
Handling connection for 3000
Handling connection for 3000
Handling connection for 3000
Handling connection for 3000
Handling connection for 3000
Handling connection for 3000
Handling connection for 3000
E0216 16:33:01.706684    1932 portforward.go:424] "Unhandled Error" err="an error occurred forwarding 3000 -> 3000: error forwarding port 3000 to pod 37fe2dc9735565979305440484a3222729467cb330c57834dc96d1d4c5bcb37d, uid : network namespace for sandbox \"37fe2dc9735565979305440484a3222729467cb330c57834dc96d1d4c5bcb37d\" is closed"
error: lost connection to pod
Handling connection for 5681
Handling connection for 5681
Handling connection for 5681
Handling connection for 5681
Handling connection for 5681
Handling connection for 5681
Handling connection for 5681
Handling connection for 5681
error: lost connection to pod
error: lost connection to pod
Forwarding from 127.0.0.1:5681 -> 5681
Forwarding from [::1]:5681 -> 5681
Handling connection for 5681
Forwarding from 127.0.0.1:3000 -> 3000
Forwarding from [::1]:3000 -> 3000
Forwarding from 127.0.0.1:9090 -> 9090
Forwarding from [::1]:9090 -> 9090
Handling connection for 9090
Handling connection for 3000
Handling connection for 3000
Handling connection for 3000
Handling connection for 3000
Handling connection for 3000
Handling connection for 3000
Handling connection for 3000
Handling connection for 3000
Handling connection for 3000
Handling connection for 3000
Handling connection for 3000
Handling connection for 3000
Handling connection for 3000
Handling connection for 3000
Handling connection for 3000
Handling connection for 3000
Handling connection for 3000
Handling connection for 3000
Handling connection for 3000
Handling connection for 3000
Handling connection for 3000
Handling connection for 3000
Handling connection for 3000
Handling connection for 3000
Handling connection for 3000
Handling connection for 3000
Handling connection for 3000
Handling connection for 3000
Handling connection for 3000
Handling connection for 3000
Handling connection for 3000
Handling connection for 3000
Handling connection for 3000
Handling connection for 3000
Handling connection for 3000
Handling connection for 3000
Handling connection for 3000
Handling connection for 3000
Handling connection for 3000
error: lost connection to pod
error: lost connection to pod
error: lost connection to pod
Forwarding from 127.0.0.1:5681 -> 5681
Forwarding from [::1]:5681 -> 5681
Handling connection for 5681
Forwarding from 127.0.0.1:3000 -> 3000
Forwarding from [::1]:3000 -> 3000
Forwarding from 127.0.0.1:9090 -> 9090
Forwarding from [::1]:9090 -> 9090
Handling connection for 9090
Handling connection for 3000
Handling connection for 3000
Handling connection for 3000
Handling connection for 3000
Handling connection for 3000
Handling connection for 3000
Handling connection for 3000
Handling connection for 3000
Handling connection for 3000
Handling connection for 3000
Handling connection for 3000
Handling connection for 3000
Handling connection for 3000
Handling connection for 3000
Handling connection for 3000
Handling connection for 3000
Handling connection for 3000
Handling connection for 3000
error: lost connection to pod
error: lost connection to pod
error: lost connection to pod
Forwarding from 127.0.0.1:5681 -> 5681
Forwarding from [::1]:5681 -> 5681
Handling connection for 5681
Forwarding from 127.0.0.1:3000 -> 3000
Forwarding from [::1]:3000 -> 3000
Forwarding from 127.0.0.1:9090 -> 9090
Forwarding from [::1]:9090 -> 9090
Handling connection for 9090
Handling connection for 3000
Handling connection for 3000
Handling connection for 3000
Handling connection for 3000
Handling connection for 3000
Handling connection for 3000
Handling connection for 3000
Handling connection for 3000
Handling connection for 3000
Handling connection for 3000
Handling connection for 3000
Handling connection for 3000
Handling connection for 3000
Handling connection for 3000
Handling connection for 3000
Handling connection for 3000
Handling connection for 3000
Handling connection for 3000
Handling connection for 3000
Handling connection for 3000
Handling connection for 3000
Handling connection for 3000
Handling connection for 3000
Handling connection for 3000
Handling connection for 3000
Handling connection for 3000
Handling connection for 3000
Handling connection for 3000
error: lost connection to pod
error: lost connection to pod
error: lost connection to pod
Forwarding from 127.0.0.1:5681 -> 5681
Forwarding from [::1]:5681 -> 5681
Handling connection for 5681
Forwarding from 127.0.0.1:3000 -> 3000
Forwarding from [::1]:3000 -> 3000
Forwarding from 127.0.0.1:9090 -> 9090
Forwarding from [::1]:9090 -> 9090
Handling connection for 9090
Handling connection for 3000
Handling connection for 3000
Handling connection for 3000
Handling connection for 3000
Handling connection for 3000
Handling connection for 3000
Handling connection for 3000
Handling connection for 3000
Handling connection for 3000
Handling connection for 3000
Handling connection for 3000
Handling connection for 3000
Handling connection for 3000
Handling connection for 3000
Handling connection for 3000
Handling connection for 3000
Handling connection for 3000
Handling connection for 3000
Handling connection for 3000
Handling connection for 3000
Handling connection for 3000
Handling connection for 3000
Handling connection for 3000
Handling connection for 3000
Handling connection for 3000
Handling connection for 3000
Handling connection for 3000
Handling connection for 3000
Handling connection for 3000
Handling connection for 3000
Handling connection for 3000
Handling connection for 3000
Handling connection for 3000
Handling connection for 3000
Handling connection for 3000
Handling connection for 3000
Handling connection for 3000
Handling connection for 3000
Handling connection for 3000
Handling connection for 3000
Handling connection for 3000
Handling connection for 3000
Handling connection for 3000
Handling connection for 3000
Handling connection for 3000
Handling connection for 3000
Handling connection for 3000
Handling connection for 3000
Handling connection for 3000
Handling connection for 3000
Handling connection for 3000
Handling connection for 3000
Handling connection for 3000
Handling connection for 3000
Handling connection for 3000
Handling connection for 3000
Handling connection for 3000
Handling connection for 3000
Handling connection for 3000
Handling connection for 3000
Handling connection for 3000
Handling connection for 3000
Handling connection for 3000
Handling connection for 3000
Handling connection for 3000
Handling connection for 3000
Handling connection for 3000
Handling connection for 3000
Handling connection for 3000
Handling connection for 3000
Handling connection for 3000
Handling connection for 3000
Handling connection for 3000
Handling connection for 3000
Handling connection for 3000
Handling connection for 3000
Handling connection for 3000
Handling connection for 3000
Handling connection for 3000
Handling connection for 3000
Handling connection for 3000
Handling connection for 3000
Handling connection for 3000
Handling connection for 3000
Handling connection for 3000
Handling connection for 3000
Handling connection for 3000
Handling connection for 3000
Handling connection for 3000
Handling connection for 3000
Handling connection for 3000
Handling connection for 3000
Handling connection for 3000
Handling connection for 3000
Handling connection for 3000
Handling connection for 3000
Handling connection for 3000
Handling connection for 3000
E0216 21:23:55.423307   20769 portforward.go:424] "Unhandled Error" err="an error occurred forwarding 3000 -> 3000: error forwarding port 3000 to pod c03bcc17192fa107e738917e1ec5580a85b12af7904fb88050e8e5f86106191a, uid : failed to find sandbox \"c03bcc17192fa107e738917e1ec5580a85b12af7904fb88050e8e5f86106191a\" in store: not found"
error: lost connection to pod
Forwarding from 127.0.0.1:3000 -> 3000
Forwarding from [::1]:3000 -> 3000
Handling connection for 3000
Handling connection for 3000
Handling connection for 3000
Handling connection for 3000
Handling connection for 3000
Handling connection for 3000
Handling connection for 3000
Handling connection for 3000
Handling connection for 3000
Handling connection for 3000
Handling connection for 3000
Handling connection for 3000
Handling connection for 3000
Handling connection for 3000
Handling connection for 3000
Handling connection for 3000
Handling connection for 3000
Handling connection for 3000
Handling connection for 3000
E0216 21:50:24.240374   86198 portforward.go:357] "Unhandled Error" err="error creating error stream for port 3000 -> 3000: Timeout occurred"
Handling connection for 3000
E0216 21:51:12.640238   86198 portforward.go:357] "Unhandled Error" err="error creating error stream for port 3000 -> 3000: Timeout occurred"
Handling connection for 3000
E0216 21:51:54.560029   86198 portforward.go:357] "Unhandled Error" err="error creating error stream for port 3000 -> 3000: Timeout occurred"
Handling connection for 3000
E0216 21:52:44.744825   86198 portforward.go:357] "Unhandled Error" err="error creating error stream for port 3000 -> 3000: Timeout occurred"
Handling connection for 3000
E0216 21:53:27.512049   86198 portforward.go:357] "Unhandled Error" err="error creating error stream for port 3000 -> 3000: Timeout occurred"
Handling connection for 3000
error: lost connection to pod
error: lost connection to pod
error: lost connection to pod
Forwarding from 127.0.0.1:5681 -> 5681
Forwarding from [::1]:5681 -> 5681
Handling connection for 5681
Forwarding from 127.0.0.1:3000 -> 3000
Forwarding from [::1]:3000 -> 3000
Forwarding from 127.0.0.1:9090 -> 9090
Forwarding from [::1]:9090 -> 9090
Handling connection for 9090
Handling connection for 3000
Handling connection for 3000
Handling connection for 3000
Handling connection for 3000
Handling connection for 3000
Handling connection for 3000
Handling connection for 3000
Handling connection for 3000
Handling connection for 3000
Handling connection for 3000
Handling connection for 3000
Handling connection for 3000
Handling connection for 3000
Handling connection for 3000
Handling connection for 3000
Handling connection for 3000
Handling connection for 3000
Handling connection for 3000
Handling connection for 3000
Handling connection for 3000
Handling connection for 3000
Handling connection for 3000
Handling connection for 3000
Handling connection for 3000
Handling connection for 3000
E0216 21:58:09.250350   90697 portforward.go:424] "Unhandled Error" err="an error occurred forwarding 3000 -> 3000: error forwarding port 3000 to pod d207c7c48d0c442d3b0a364926919fc40911c1f27bfaec04b92d94f884ff9019, uid : network namespace for sandbox \"d207c7c48d0c442d3b0a364926919fc40911c1f27bfaec04b92d94f884ff9019\" is closed"
error: lost connection to pod
error: lost connection to pod
error: lost connection to pod
Forwarding from 127.0.0.1:5681 -> 5681
Forwarding from [::1]:5681 -> 5681
Handling connection for 5681
Forwarding from 127.0.0.1:3000 -> 3000
Forwarding from [::1]:3000 -> 3000
Forwarding from 127.0.0.1:9090 -> 9090
Forwarding from [::1]:9090 -> 9090
Handling connection for 9090
Handling connection for 3000
Handling connection for 3000
Handling connection for 3000
Handling connection for 3000
Handling connection for 3000
Handling connection for 3000
Handling connection for 3000
Handling connection for 3000
Handling connection for 3000
Handling connection for 3000
Handling connection for 3000
Handling connection for 3000
Handling connection for 3000
Handling connection for 3000
Handling connection for 3000
Handling connection for 3000
Handling connection for 3000
Handling connection for 3000
Handling connection for 3000
Handling connection for 3000
Handling connection for 3000
Handling connection for 3000
Handling connection for 3000
Handling connection for 3000
Handling connection for 3000
Handling connection for 3000
Handling connection for 3000
Handling connection for 3000
Handling connection for 3000
Handling connection for 3000
Handling connection for 3000
Handling connection for 3000
Handling connection for 3000
Handling connection for 3000
Handling connection for 3000
Handling connection for 3000
Handling connection for 3000
Handling connection for 3000
Handling connection for 3000
error: lost connection to pod
error: lost connection to pod
error: lost connection to pod
Forwarding from 127.0.0.1:5681 -> 5681
Forwarding from [::1]:5681 -> 5681
Handling connection for 5681
Forwarding from 127.0.0.1:9090 -> 9090
Forwarding from [::1]:9090 -> 9090
Forwarding from 127.0.0.1:3000 -> 3000
Forwarding from [::1]:3000 -> 3000
Handling connection for 9090
Handling connection for 3000
Handling connection for 3000
Handling connection for 3000
Handling connection for 3000
Handling connection for 3000
Handling connection for 3000
Handling connection for 3000
Handling connection for 3000
Handling connection for 3000
Handling connection for 5681
Handling connection for 5681
Handling connection for 3000
Handling connection for 5681
Handling connection for 5681
Handling connection for 5681
Handling connection for 5681
Handling connection for 5681
Handling connection for 5681
Handling connection for 5681
Handling connection for 5681
Handling connection for 3000
Handling connection for 3000
Handling connection for 3000
Handling connection for 3000
Handling connection for 3000
Handling connection for 3000
Handling connection for 3000
Handling connection for 3000
Handling connection for 3000
Handling connection for 3000
Handling connection for 3000
Handling connection for 3000
Handling connection for 3000
Handling connection for 3000
Handling connection for 3000
Handling connection for 3000
Handling connection for 3000
Handling connection for 3000
Handling connection for 3000
Handling connection for 3000
Handling connection for 3000
Handling connection for 3000
Handling connection for 3000
Handling connection for 3000
Handling connection for 3000
Handling connection for 3000
Handling connection for 3000
Handling connection for 3000
Handling connection for 3000
Handling connection for 3000
Handling connection for 3000
Handling connection for 3000
Handling connection for 3000
Handling connection for 3000
Handling connection for 3000
Handling connection for 3000
Handling connection for 3000
Handling connection for 3000
Handling connection for 3000
Handling connection for 3000
Handling connection for 3000
Handling connection for 3000
Handling connection for 3000
Handling connection for 3000
Handling connection for 3000
Handling connection for 5681
Handling connection for 3000
Handling connection for 5681
Handling connection for 3000
Handling connection for 5681
Handling connection for 5681
Handling connection for 5681
Handling connection for 5681
Handling connection for 5681
Handling connection for 5681
Handling connection for 5681
Handling connection for 5681
Handling connection for 3000
Handling connection for 3000
Handling connection for 3000
Handling connection for 3000
Handling connection for 3000
Handling connection for 3000
Handling connection for 3000
Handling connection for 3000
Handling connection for 3000
Handling connection for 5681
Handling connection for 3000
Handling connection for 5681
Handling connection for 3000
Handling connection for 3000
Handling connection for 3000
Handling connection for 3000
Handling connection for 3000
Handling connection for 3000
Handling connection for 3000
Handling connection for 3000
Handling connection for 3000
Handling connection for 3000
Handling connection for 3000
Handling connection for 3000
Handling connection for 3000
Handling connection for 3000
Handling connection for 3000
Handling connection for 3000
Handling connection for 3000
Handling connection for 3000
Handling connection for 3000
Handling connection for 3000
Handling connection for 5681
Handling connection for 5681
Handling connection for 3000
Handling connection for 3000
Handling connection for 5681
Handling connection for 5681
Handling connection for 5681
Handling connection for 5681
Handling connection for 5681
Handling connection for 5681
Handling connection for 3000
Handling connection for 5681
Handling connection for 5681
Handling connection for 3000
Handling connection for 3000
Handling connection for 3000
Handling connection for 5681
Handling connection for 5681
Handling connection for 5681
Handling connection for 5681
Handling connection for 5681
Handling connection for 5681
Handling connection for 5681
Handling connection for 5681
Handling connection for 3000
Handling connection for 5681
Handling connection for 5681
Handling connection for 5681
Handling connection for 3000
Handling connection for 3000
Handling connection for 5681
Handling connection for 3000
Handling connection for 3000
Handling connection for 3000
Handling connection for 3000
Handling connection for 3000
Handling connection for 3000
Handling connection for 3000
Handling connection for 3000
Handling connection for 3000
Handling connection for 3000
Handling connection for 3000
Handling connection for 3000
Handling connection for 3000
Handling connection for 3000
Handling connection for 3000
Handling connection for 3000
Handling connection for 3000
Handling connection for 3000
Handling connection for 3000
Handling connection for 3000
Handling connection for 3000
Handling connection for 3000
Handling connection for 3000
Handling connection for 3000
Handling connection for 3000
Handling connection for 3000
Handling connection for 3000
Handling connection for 3000
Handling connection for 3000
Handling connection for 3000
Handling connection for 3000
Handling connection for 3000
Handling connection for 3000
Handling connection for 3000
Handling connection for 3000
Handling connection for 3000
Handling connection for 3000
Handling connection for 3000
Handling connection for 3000
Handling connection for 3000
Handling connection for 3000
Handling connection for 5681
Handling connection for 5681
Handling connection for 5681
Handling connection for 5681
Handling connection for 5681
Handling connection for 5681
Handling connection for 5681
Handling connection for 5681
Handling connection for 5681
Handling connection for 5681
Handling connection for 5681
Handling connection for 3000
Handling connection for 5681
Handling connection for 3000
Handling connection for 3000
Handling connection for 3000
Handling connection for 3000
Handling connection for 3000
Handling connection for 3000
Handling connection for 3000
Handling connection for 3000
Handling connection for 3000
Handling connection for 3000
E0216 23:25:05.099715  110093 portforward.go:424] "Unhandled Error" err="an error occurred forwarding 3000 -> 3000: error forwarding port 3000 to pod 2eaf13405bfcfd8c0e88a268139ebb27602f24c6a520922caac10cef552b4d18, uid : network namespace for sandbox \"2eaf13405bfcfd8c0e88a268139ebb27602f24c6a520922caac10cef552b4d18\" is closed"
error: lost connection to pod
Handling connection for 5681
Handling connection for 5681
Handling connection for 5681
Handling connection for 5681
Handling connection for 5681
Handling connection for 5681
Handling connection for 5681
Handling connection for 5681
